{"/home/daniel/programming/nodejs/odinbook/backend/app.js": {"path":"/home/daniel/programming/nodejs/odinbook/backend/app.js","statementMap":{"0":{"start":{"line":2,"column":0},"end":{"line":2,"column":27}},"1":{"start":{"line":3,"column":16},"end":{"line":3,"column":34}},"2":{"start":{"line":4,"column":19},"end":{"line":4,"column":49}},"3":{"start":{"line":5,"column":19},"end":{"line":5,"column":49}},"4":{"start":{"line":6,"column":12},"end":{"line":6,"column":21}},"5":{"start":{"line":7,"column":13},"end":{"line":7,"column":28}},"6":{"start":{"line":8,"column":25},"end":{"line":8,"column":64}},"7":{"start":{"line":12,"column":0},"end":{"line":12,"column":15}},"8":{"start":{"line":15,"column":0},"end":{"line":15,"column":24}},"9":{"start":{"line":16,"column":0},"end":{"line":16,"column":49}},"10":{"start":{"line":19,"column":0},"end":{"line":19,"column":34}},"11":{"start":{"line":20,"column":0},"end":{"line":20,"column":34}},"12":{"start":{"line":23,"column":0},"end":{"line":23,"column":22}},"13":{"start":{"line":26,"column":0},"end":{"line":26,"column":21}}},"fnMap":{},"branchMap":{},"s":{"0":3,"1":3,"2":3,"3":3,"4":3,"5":3,"6":3,"7":3,"8":3,"9":3,"10":3,"11":3,"12":3,"13":3},"f":{},"b":{},"_coverageSchema":"1a1c01bbd47fc00a2c39e90264f33305004495a9","hash":"4827998f8c06d3ce98101509abfb2416a230b659"}
,"/home/daniel/programming/nodejs/odinbook/backend/__tests__/db.js": {"path":"/home/daniel/programming/nodejs/odinbook/backend/__tests__/db.js","statementMap":{"0":{"start":{"line":1,"column":17},"end":{"line":1,"column":36}},"1":{"start":{"line":2,"column":30},"end":{"line":2,"column":62}},"2":{"start":{"line":6,"column":13},"end":{"line":9,"column":1}},"3":{"start":{"line":12,"column":16},"end":{"line":24,"column":1}},"4":{"start":{"line":16,"column":2},"end":{"line":16,"column":49}},"5":{"start":{"line":18,"column":19},"end":{"line":18,"column":45}},"6":{"start":{"line":19,"column":2},"end":{"line":23,"column":5}},"7":{"start":{"line":20,"column":4},"end":{"line":22,"column":5}},"8":{"start":{"line":21,"column":6},"end":{"line":21,"column":25}},"9":{"start":{"line":27,"column":14},"end":{"line":30,"column":1}},"10":{"start":{"line":28,"column":2},"end":{"line":28,"column":30}},"11":{"start":{"line":29,"column":2},"end":{"line":29,"column":27}},"12":{"start":{"line":33,"column":14},"end":{"line":39,"column":1}},"13":{"start":{"line":34,"column":22},"end":{"line":34,"column":53}},"14":{"start":{"line":36,"column":2},"end":{"line":38,"column":3}},"15":{"start":{"line":37,"column":4},"end":{"line":37,"column":34}},"16":{"start":{"line":41,"column":0},"end":{"line":45,"column":2}}},"fnMap":{"0":{"name":"(anonymous_0)","decl":{"start":{"line":12,"column":16},"end":{"line":12,"column":17}},"loc":{"start":{"line":12,"column":28},"end":{"line":24,"column":1}},"line":12},"1":{"name":"(anonymous_1)","decl":{"start":{"line":19,"column":41},"end":{"line":19,"column":42}},"loc":{"start":{"line":19,"column":48},"end":{"line":23,"column":3}},"line":19},"2":{"name":"(anonymous_2)","decl":{"start":{"line":27,"column":14},"end":{"line":27,"column":15}},"loc":{"start":{"line":27,"column":26},"end":{"line":30,"column":1}},"line":27},"3":{"name":"(anonymous_3)","decl":{"start":{"line":33,"column":14},"end":{"line":33,"column":15}},"loc":{"start":{"line":33,"column":26},"end":{"line":39,"column":1}},"line":33}},"branchMap":{"0":{"loc":{"start":{"line":20,"column":4},"end":{"line":22,"column":5}},"type":"if","locations":[{"start":{"line":20,"column":4},"end":{"line":22,"column":5}},{"start":{},"end":{}}],"line":20}},"s":{"0":3,"1":3,"2":3,"3":3,"4":3,"5":3,"6":3,"7":3,"8":0,"9":3,"10":2,"11":2,"12":3,"13":15,"14":15,"15":15,"16":3},"f":{"0":3,"1":3,"2":2,"3":15},"b":{"0":[0,3]},"_coverageSchema":"1a1c01bbd47fc00a2c39e90264f33305004495a9","hash":"ac892b519abf234a462f07b35fa4917db5e673e7"}
,"/home/daniel/programming/nodejs/odinbook/backend/controllers/commentController.js": {"path":"/home/daniel/programming/nodejs/odinbook/backend/controllers/commentController.js","statementMap":{"0":{"start":{"line":1,"column":21},"end":{"line":1,"column":53}},"1":{"start":{"line":6,"column":20},"end":{"line":8,"column":2}},"2":{"start":{"line":7,"column":2},"end":{"line":7,"column":40}},"3":{"start":{"line":13,"column":19},"end":{"line":15,"column":2}},"4":{"start":{"line":14,"column":2},"end":{"line":14,"column":51}},"5":{"start":{"line":20,"column":19},"end":{"line":22,"column":2}},"6":{"start":{"line":21,"column":2},"end":{"line":21,"column":51}},"7":{"start":{"line":27,"column":22},"end":{"line":29,"column":2}},"8":{"start":{"line":28,"column":2},"end":{"line":28,"column":51}},"9":{"start":{"line":34,"column":20},"end":{"line":36,"column":2}},"10":{"start":{"line":35,"column":2},"end":{"line":35,"column":51}},"11":{"start":{"line":41,"column":22},"end":{"line":43,"column":2}},"12":{"start":{"line":42,"column":2},"end":{"line":42,"column":51}},"13":{"start":{"line":45,"column":0},"end":{"line":52,"column":1}}},"fnMap":{"0":{"name":"(anonymous_0)","decl":{"start":{"line":6,"column":33},"end":{"line":6,"column":34}},"loc":{"start":{"line":6,"column":53},"end":{"line":8,"column":1}},"line":6},"1":{"name":"(anonymous_1)","decl":{"start":{"line":13,"column":32},"end":{"line":13,"column":33}},"loc":{"start":{"line":13,"column":52},"end":{"line":15,"column":1}},"line":13},"2":{"name":"(anonymous_2)","decl":{"start":{"line":20,"column":32},"end":{"line":20,"column":33}},"loc":{"start":{"line":20,"column":52},"end":{"line":22,"column":1}},"line":20},"3":{"name":"(anonymous_3)","decl":{"start":{"line":27,"column":35},"end":{"line":27,"column":36}},"loc":{"start":{"line":27,"column":55},"end":{"line":29,"column":1}},"line":27},"4":{"name":"(anonymous_4)","decl":{"start":{"line":34,"column":33},"end":{"line":34,"column":34}},"loc":{"start":{"line":34,"column":53},"end":{"line":36,"column":1}},"line":34},"5":{"name":"(anonymous_5)","decl":{"start":{"line":41,"column":35},"end":{"line":41,"column":36}},"loc":{"start":{"line":41,"column":55},"end":{"line":43,"column":1}},"line":41}},"branchMap":{},"s":{"0":3,"1":3,"2":1,"3":3,"4":1,"5":3,"6":1,"7":3,"8":1,"9":3,"10":1,"11":3,"12":1,"13":3},"f":{"0":1,"1":1,"2":1,"3":1,"4":1,"5":1},"b":{},"_coverageSchema":"1a1c01bbd47fc00a2c39e90264f33305004495a9","hash":"f8bda1735f4b4a60f39d80ba4f41c79aa1ee5d05"}
,"/home/daniel/programming/nodejs/odinbook/backend/controllers/postController.js": {"path":"/home/daniel/programming/nodejs/odinbook/backend/controllers/postController.js","statementMap":{"0":{"start":{"line":1,"column":21},"end":{"line":1,"column":53}},"1":{"start":{"line":2,"column":13},"end":{"line":2,"column":43}},"2":{"start":{"line":7,"column":17},"end":{"line":11,"column":2}},"3":{"start":{"line":9,"column":16},"end":{"line":9,"column":35}},"4":{"start":{"line":10,"column":2},"end":{"line":10,"column":29}},"5":{"start":{"line":16,"column":16},"end":{"line":19,"column":2}},"6":{"start":{"line":17,"column":15},"end":{"line":17,"column":53}},"7":{"start":{"line":18,"column":2},"end":{"line":18,"column":28}},"8":{"start":{"line":24,"column":16},"end":{"line":26,"column":2}},"9":{"start":{"line":25,"column":2},"end":{"line":25,"column":45}},"10":{"start":{"line":31,"column":19},"end":{"line":33,"column":2}},"11":{"start":{"line":32,"column":2},"end":{"line":32,"column":45}},"12":{"start":{"line":38,"column":17},"end":{"line":40,"column":2}},"13":{"start":{"line":39,"column":2},"end":{"line":39,"column":45}},"14":{"start":{"line":45,"column":19},"end":{"line":47,"column":2}},"15":{"start":{"line":46,"column":2},"end":{"line":46,"column":45}},"16":{"start":{"line":49,"column":0},"end":{"line":56,"column":1}}},"fnMap":{"0":{"name":"(anonymous_0)","decl":{"start":{"line":7,"column":30},"end":{"line":7,"column":31}},"loc":{"start":{"line":7,"column":50},"end":{"line":11,"column":1}},"line":7},"1":{"name":"(anonymous_1)","decl":{"start":{"line":16,"column":29},"end":{"line":16,"column":30}},"loc":{"start":{"line":16,"column":49},"end":{"line":19,"column":1}},"line":16},"2":{"name":"(anonymous_2)","decl":{"start":{"line":24,"column":29},"end":{"line":24,"column":30}},"loc":{"start":{"line":24,"column":49},"end":{"line":26,"column":1}},"line":24},"3":{"name":"(anonymous_3)","decl":{"start":{"line":31,"column":32},"end":{"line":31,"column":33}},"loc":{"start":{"line":31,"column":52},"end":{"line":33,"column":1}},"line":31},"4":{"name":"(anonymous_4)","decl":{"start":{"line":38,"column":30},"end":{"line":38,"column":31}},"loc":{"start":{"line":38,"column":50},"end":{"line":40,"column":1}},"line":38},"5":{"name":"(anonymous_5)","decl":{"start":{"line":45,"column":32},"end":{"line":45,"column":33}},"loc":{"start":{"line":45,"column":52},"end":{"line":47,"column":1}},"line":45}},"branchMap":{},"s":{"0":3,"1":3,"2":3,"3":6,"4":6,"5":3,"6":0,"7":0,"8":3,"9":0,"10":3,"11":0,"12":3,"13":0,"14":3,"15":0,"16":3},"f":{"0":6,"1":0,"2":0,"3":0,"4":0,"5":0},"b":{},"_coverageSchema":"1a1c01bbd47fc00a2c39e90264f33305004495a9","hash":"632ad517be11dc387967e72fdeceb2d9d06aa088"}
,"/home/daniel/programming/nodejs/odinbook/backend/controllers/userController.js": {"path":"/home/daniel/programming/nodejs/odinbook/backend/controllers/userController.js","statementMap":{"0":{"start":{"line":1,"column":21},"end":{"line":1,"column":53}},"1":{"start":{"line":6,"column":21},"end":{"line":8,"column":2}},"2":{"start":{"line":7,"column":2},"end":{"line":7,"column":45}},"3":{"start":{"line":14,"column":18},"end":{"line":16,"column":2}},"4":{"start":{"line":15,"column":2},"end":{"line":15,"column":45}},"5":{"start":{"line":21,"column":14},"end":{"line":23,"column":2}},"6":{"start":{"line":22,"column":2},"end":{"line":22,"column":45}},"7":{"start":{"line":25,"column":0},"end":{"line":29,"column":1}}},"fnMap":{"0":{"name":"(anonymous_0)","decl":{"start":{"line":6,"column":34},"end":{"line":6,"column":35}},"loc":{"start":{"line":6,"column":54},"end":{"line":8,"column":1}},"line":6},"1":{"name":"(anonymous_1)","decl":{"start":{"line":14,"column":31},"end":{"line":14,"column":32}},"loc":{"start":{"line":14,"column":51},"end":{"line":16,"column":1}},"line":14},"2":{"name":"(anonymous_2)","decl":{"start":{"line":21,"column":27},"end":{"line":21,"column":28}},"loc":{"start":{"line":21,"column":47},"end":{"line":23,"column":1}},"line":21}},"branchMap":{},"s":{"0":3,"1":3,"2":1,"3":3,"4":1,"5":3,"6":1,"7":3},"f":{"0":1,"1":1,"2":1},"b":{},"_coverageSchema":"1a1c01bbd47fc00a2c39e90264f33305004495a9","hash":"2b70b68a2ff924191552997978a6035abe4b1744"}
,"/home/daniel/programming/nodejs/odinbook/backend/middleware/errorMiddleware.js": {"path":"/home/daniel/programming/nodejs/odinbook/backend/middleware/errorMiddleware.js","statementMap":{"0":{"start":{"line":2,"column":21},"end":{"line":11,"column":1}},"1":{"start":{"line":4,"column":21},"end":{"line":4,"column":58}},"2":{"start":{"line":5,"column":2},"end":{"line":5,"column":25}},"3":{"start":{"line":7,"column":2},"end":{"line":10,"column":5}},"4":{"start":{"line":13,"column":0},"end":{"line":15,"column":1}}},"fnMap":{"0":{"name":"(anonymous_0)","decl":{"start":{"line":2,"column":21},"end":{"line":2,"column":22}},"loc":{"start":{"line":2,"column":46},"end":{"line":11,"column":1}},"line":2}},"branchMap":{"0":{"loc":{"start":{"line":4,"column":21},"end":{"line":4,"column":58}},"type":"cond-expr","locations":[{"start":{"line":4,"column":38},"end":{"line":4,"column":52}},{"start":{"line":4,"column":55},"end":{"line":4,"column":58}}],"line":4},"1":{"loc":{"start":{"line":9,"column":11},"end":{"line":9,"column":72}},"type":"cond-expr","locations":[{"start":{"line":9,"column":51},"end":{"line":9,"column":60}},{"start":{"line":9,"column":63},"end":{"line":9,"column":72}}],"line":9}},"s":{"0":4,"1":2,"2":2,"3":2,"4":4},"f":{"0":2},"b":{"0":[2,0],"1":[0,2]},"_coverageSchema":"1a1c01bbd47fc00a2c39e90264f33305004495a9","hash":"24cfff1ce99a029f1510cc20cb89533e1f5188a9"}
,"/home/daniel/programming/nodejs/odinbook/backend/models/PostModel.js": {"path":"/home/daniel/programming/nodejs/odinbook/backend/models/PostModel.js","statementMap":{"0":{"start":{"line":1,"column":17},"end":{"line":1,"column":36}},"1":{"start":{"line":2,"column":15},"end":{"line":2,"column":30}},"2":{"start":{"line":5,"column":19},"end":{"line":22,"column":1}},"3":{"start":{"line":28,"column":0},"end":{"line":28,"column":52}}},"fnMap":{},"branchMap":{},"s":{"0":3,"1":3,"2":3,"3":3},"f":{},"b":{},"_coverageSchema":"1a1c01bbd47fc00a2c39e90264f33305004495a9","hash":"c619ee28aaf3c64a47984b0e88daee2964b53c2e"}
,"/home/daniel/programming/nodejs/odinbook/backend/routes/postRoutes.js": {"path":"/home/daniel/programming/nodejs/odinbook/backend/routes/postRoutes.js","statementMap":{"0":{"start":{"line":1,"column":16},"end":{"line":1,"column":34}},"1":{"start":{"line":2,"column":15},"end":{"line":2,"column":31}},"2":{"start":{"line":3,"column":73},"end":{"line":3,"column":113}},"3":{"start":{"line":4,"column":91},"end":{"line":4,"column":134}},"4":{"start":{"line":7,"column":0},"end":{"line":7,"column":46}},"5":{"start":{"line":8,"column":0},"end":{"line":8,"column":73}},"6":{"start":{"line":9,"column":0},"end":{"line":9,"column":45}},"7":{"start":{"line":12,"column":0},"end":{"line":12,"column":68}},"8":{"start":{"line":13,"column":0},"end":{"line":13,"column":102}},"9":{"start":{"line":14,"column":0},"end":{"line":14,"column":68}},"10":{"start":{"line":16,"column":0},"end":{"line":16,"column":24}}},"fnMap":{},"branchMap":{},"s":{"0":3,"1":3,"2":3,"3":3,"4":3,"5":3,"6":3,"7":3,"8":3,"9":3,"10":3},"f":{},"b":{},"_coverageSchema":"1a1c01bbd47fc00a2c39e90264f33305004495a9","hash":"fe651c60e1a49c88aa203a4de2c676c13c19b6a2"}
,"/home/daniel/programming/nodejs/odinbook/backend/routes/userRoutes.js": {"path":"/home/daniel/programming/nodejs/odinbook/backend/routes/userRoutes.js","statementMap":{"0":{"start":{"line":1,"column":16},"end":{"line":1,"column":34}},"1":{"start":{"line":2,"column":15},"end":{"line":2,"column":31}},"2":{"start":{"line":3,"column":43},"end":{"line":3,"column":83}},"3":{"start":{"line":5,"column":0},"end":{"line":5,"column":39}},"4":{"start":{"line":6,"column":0},"end":{"line":6,"column":33}},"5":{"start":{"line":7,"column":0},"end":{"line":7,"column":25}},"6":{"start":{"line":9,"column":0},"end":{"line":9,"column":24}}},"fnMap":{},"branchMap":{},"s":{"0":3,"1":3,"2":3,"3":3,"4":3,"5":3,"6":3},"f":{},"b":{},"_coverageSchema":"1a1c01bbd47fc00a2c39e90264f33305004495a9","hash":"b614cf6aa6c916f3bef9d8ff39b8771790efa109"}
}
