TN:
SF:app.js
FNF:0
FNH:0
DA:2,3
DA:3,3
DA:4,3
DA:5,3
DA:6,3
DA:7,3
DA:8,3
DA:12,3
DA:15,3
DA:16,3
DA:19,3
DA:20,3
DA:23,3
DA:26,3
LF:14
LH:14
BRF:0
BRH:0
end_of_record
TN:
SF:__tests__/db.js
FN:12,(anonymous_0)
FN:19,(anonymous_1)
FN:27,(anonymous_2)
FN:33,(anonymous_3)
FNF:4
FNH:4
FNDA:3,(anonymous_0)
FNDA:3,(anonymous_1)
FNDA:2,(anonymous_2)
FNDA:15,(anonymous_3)
DA:1,3
DA:2,3
DA:6,3
DA:12,3
DA:16,3
DA:18,3
DA:19,3
DA:20,3
DA:21,0
DA:27,3
DA:28,2
DA:29,2
DA:33,3
DA:34,15
DA:36,15
DA:37,15
DA:41,3
LF:17
LH:16
BRDA:20,0,0,0
BRDA:20,0,1,3
BRF:2
BRH:1
end_of_record
TN:
SF:controllers/commentController.js
FN:6,(anonymous_0)
FN:13,(anonymous_1)
FN:20,(anonymous_2)
FN:27,(anonymous_3)
FN:34,(anonymous_4)
FN:41,(anonymous_5)
FNF:6
FNH:6
FNDA:1,(anonymous_0)
FNDA:1,(anonymous_1)
FNDA:1,(anonymous_2)
FNDA:1,(anonymous_3)
FNDA:1,(anonymous_4)
FNDA:1,(anonymous_5)
DA:1,3
DA:6,3
DA:7,1
DA:13,3
DA:14,1
DA:20,3
DA:21,1
DA:27,3
DA:28,1
DA:34,3
DA:35,1
DA:41,3
DA:42,1
DA:45,3
LF:14
LH:14
BRF:0
BRH:0
end_of_record
TN:
SF:controllers/postController.js
FN:7,(anonymous_0)
FN:16,(anonymous_1)
FN:24,(anonymous_2)
FN:31,(anonymous_3)
FN:38,(anonymous_4)
FN:45,(anonymous_5)
FNF:6
FNH:1
FNDA:6,(anonymous_0)
FNDA:0,(anonymous_1)
FNDA:0,(anonymous_2)
FNDA:0,(anonymous_3)
FNDA:0,(anonymous_4)
FNDA:0,(anonymous_5)
DA:1,3
DA:2,3
DA:7,3
DA:9,6
DA:10,6
DA:16,3
DA:17,0
DA:18,0
DA:24,3
DA:25,0
DA:31,3
DA:32,0
DA:38,3
DA:39,0
DA:45,3
DA:46,0
DA:49,3
LF:17
LH:11
BRF:0
BRH:0
end_of_record
TN:
SF:controllers/userController.js
FN:6,(anonymous_0)
FN:14,(anonymous_1)
FN:21,(anonymous_2)
FNF:3
FNH:3
FNDA:1,(anonymous_0)
FNDA:1,(anonymous_1)
FNDA:1,(anonymous_2)
DA:1,3
DA:6,3
DA:7,1
DA:14,3
DA:15,1
DA:21,3
DA:22,1
DA:25,3
LF:8
LH:8
BRF:0
BRH:0
end_of_record
TN:
SF:middleware/errorMiddleware.js
FN:2,(anonymous_0)
FNF:1
FNH:1
FNDA:2,(anonymous_0)
DA:2,4
DA:4,2
DA:5,2
DA:7,2
DA:13,4
LF:5
LH:5
BRDA:4,0,0,2
BRDA:4,0,1,0
BRDA:9,1,0,0
BRDA:9,1,1,2
BRF:4
BRH:2
end_of_record
TN:
SF:models/PostModel.js
FNF:0
FNH:0
DA:1,3
DA:2,3
DA:5,3
DA:28,3
LF:4
LH:4
BRF:0
BRH:0
end_of_record
TN:
SF:routes/postRoutes.js
FNF:0
FNH:0
DA:1,3
DA:2,3
DA:3,3
DA:4,3
DA:7,3
DA:8,3
DA:9,3
DA:12,3
DA:13,3
DA:14,3
DA:16,3
LF:11
LH:11
BRF:0
BRH:0
end_of_record
TN:
SF:routes/userRoutes.js
FNF:0
FNH:0
DA:1,3
DA:2,3
DA:3,3
DA:5,3
DA:6,3
DA:7,3
DA:9,3
LF:7
LH:7
BRF:0
BRH:0
end_of_record
